<?xml version="1.0" encoding="UTF-8"?>
<testsuite name="com.kosta.farm.FarmtestApplicationTests" tests="1" skipped="0" failures="0" errors="0" timestamp="2023-12-24T13:00:26" hostname="BORN20221223" time="0.523">
  <properties/>
  <testcase name="contextLoads()" classname="com.kosta.farm.FarmtestApplicationTests" time="0.523"/>
  <system-out><![CDATA[22:00:08.399 [Test worker] DEBUG org.springframework.test.context.BootstrapUtils - Instantiating CacheAwareContextLoaderDelegate from class [org.springframework.test.context.cache.DefaultCacheAwareContextLoaderDelegate]
22:00:08.419 [Test worker] DEBUG org.springframework.test.context.BootstrapUtils - Instantiating BootstrapContext using constructor [public org.springframework.test.context.support.DefaultBootstrapContext(java.lang.Class,org.springframework.test.context.CacheAwareContextLoaderDelegate)]
22:00:08.476 [Test worker] DEBUG org.springframework.test.context.BootstrapUtils - Instantiating TestContextBootstrapper for test class [com.kosta.farm.FarmtestApplicationTests] from class [org.springframework.boot.test.context.SpringBootTestContextBootstrapper]
22:00:08.497 [Test worker] INFO org.springframework.boot.test.context.SpringBootTestContextBootstrapper - Neither @ContextConfiguration nor @ContextHierarchy found for test class [com.kosta.farm.FarmtestApplicationTests], using SpringBootContextLoader
22:00:08.505 [Test worker] DEBUG org.springframework.test.context.support.AbstractContextLoader - Did not detect default resource location for test class [com.kosta.farm.FarmtestApplicationTests]: class path resource [com/kosta/farm/FarmtestApplicationTests-context.xml] does not exist
22:00:08.506 [Test worker] DEBUG org.springframework.test.context.support.AbstractContextLoader - Did not detect default resource location for test class [com.kosta.farm.FarmtestApplicationTests]: class path resource [com/kosta/farm/FarmtestApplicationTestsContext.groovy] does not exist
22:00:08.506 [Test worker] INFO org.springframework.test.context.support.AbstractContextLoader - Could not detect default resource locations for test class [com.kosta.farm.FarmtestApplicationTests]: no resource found for suffixes {-context.xml, Context.groovy}.
22:00:08.507 [Test worker] INFO org.springframework.test.context.support.AnnotationConfigContextLoaderUtils - Could not detect default configuration classes for test class [com.kosta.farm.FarmtestApplicationTests]: FarmtestApplicationTests does not declare any static, non-private, non-final, nested classes annotated with @Configuration.
22:00:08.588 [Test worker] DEBUG org.springframework.test.context.support.ActiveProfilesUtils - Could not find an 'annotation declaring class' for annotation type [org.springframework.test.context.ActiveProfiles] and class [com.kosta.farm.FarmtestApplicationTests]
22:00:08.685 [Test worker] DEBUG org.springframework.context.annotation.ClassPathScanningCandidateComponentProvider - Identified candidate component class: file [D:\UnprettyFarm\back-end\back-end\farmtest\build\classes\java\main\com\kosta\farm\FarmtestApplication.class]
22:00:08.693 [Test worker] INFO org.springframework.boot.test.context.SpringBootTestContextBootstrapper - Found @SpringBootConfiguration com.kosta.farm.FarmtestApplication for test class com.kosta.farm.FarmtestApplicationTests
22:00:08.867 [Test worker] DEBUG org.springframework.boot.test.context.SpringBootTestContextBootstrapper - @TestExecutionListeners is not present for class [com.kosta.farm.FarmtestApplicationTests]: using defaults.
22:00:08.869 [Test worker] INFO org.springframework.boot.test.context.SpringBootTestContextBootstrapper - Loaded default TestExecutionListener class names from location [META-INF/spring.factories]: [org.springframework.security.test.context.support.WithSecurityContextTestExecutionListener, org.springframework.security.test.context.support.ReactorContextTestExecutionListener, org.springframework.boot.test.autoconfigure.restdocs.RestDocsTestExecutionListener, org.springframework.boot.test.autoconfigure.web.client.MockRestServiceServerResetTestExecutionListener, org.springframework.boot.test.autoconfigure.web.servlet.MockMvcPrintOnlyOnFailureTestExecutionListener, org.springframework.boot.test.autoconfigure.web.servlet.WebDriverTestExecutionListener, org.springframework.boot.test.autoconfigure.webservices.client.MockWebServiceServerTestExecutionListener, org.springframework.boot.test.mock.mockito.MockitoTestExecutionListener, org.springframework.boot.test.mock.mockito.ResetMocksTestExecutionListener, org.springframework.test.context.web.ServletTestExecutionListener, org.springframework.test.context.support.DirtiesContextBeforeModesTestExecutionListener, org.springframework.test.context.event.ApplicationEventsTestExecutionListener, org.springframework.test.context.support.DependencyInjectionTestExecutionListener, org.springframework.test.context.support.DirtiesContextTestExecutionListener, org.springframework.test.context.transaction.TransactionalTestExecutionListener, org.springframework.test.context.jdbc.SqlScriptsTestExecutionListener, org.springframework.test.context.event.EventPublishingTestExecutionListener]
22:00:08.911 [Test worker] INFO org.springframework.boot.test.context.SpringBootTestContextBootstrapper - Using TestExecutionListeners: [org.springframework.test.context.web.ServletTestExecutionListener@782a4fff, org.springframework.test.context.support.DirtiesContextBeforeModesTestExecutionListener@46c670a6, org.springframework.test.context.event.ApplicationEventsTestExecutionListener@59fc684e, org.springframework.boot.test.mock.mockito.MockitoTestExecutionListener@5ae81e1, org.springframework.boot.test.autoconfigure.SpringBootDependencyInjectionTestExecutionListener@2fd1731c, org.springframework.test.context.support.DirtiesContextTestExecutionListener@5ae76500, org.springframework.test.context.transaction.TransactionalTestExecutionListener@6063d80a, org.springframework.test.context.jdbc.SqlScriptsTestExecutionListener@1133ec6e, org.springframework.security.test.context.support.WithSecurityContextTestExecutionListener@355e34c7, org.springframework.test.context.event.EventPublishingTestExecutionListener@54709809, org.springframework.security.test.context.support.ReactorContextTestExecutionListener@2a2da905, org.springframework.boot.test.autoconfigure.restdocs.RestDocsTestExecutionListener@24f360b2, org.springframework.boot.test.autoconfigure.web.client.MockRestServiceServerResetTestExecutionListener@60cf80e7, org.springframework.boot.test.autoconfigure.web.servlet.MockMvcPrintOnlyOnFailureTestExecutionListener@302fec27, org.springframework.boot.test.autoconfigure.web.servlet.WebDriverTestExecutionListener@770d0ea6, org.springframework.boot.test.autoconfigure.webservices.client.MockWebServiceServerTestExecutionListener@48c40605, org.springframework.boot.test.mock.mockito.ResetMocksTestExecutionListener@54107f42]
22:00:08.918 [Test worker] DEBUG org.springframework.test.context.support.AbstractDirtiesContextTestExecutionListener - Before test class: context [DefaultTestContext@307765b4 testClass = FarmtestApplicationTests, testInstance = [null], testMethod = [null], testException = [null], mergedContextConfiguration = [WebMergedContextConfiguration@4a9e6faf testClass = FarmtestApplicationTests, locations = '{}', classes = '{class com.kosta.farm.FarmtestApplication}', contextInitializerClasses = '[]', activeProfiles = '{}', propertySourceLocations = '{}', propertySourceProperties = '{org.springframework.boot.test.context.SpringBootTestContextBootstrapper=true}', contextCustomizers = set[org.springframework.boot.test.autoconfigure.actuate.metrics.MetricsExportContextCustomizerFactory$DisableMetricExportContextCustomizer@4a194c39, org.springframework.boot.test.autoconfigure.properties.PropertyMappingContextCustomizer@0, org.springframework.boot.test.autoconfigure.web.servlet.WebDriverContextCustomizerFactory$Customizer@41dd05a, org.springframework.boot.test.context.filter.ExcludeFilterContextCustomizer@2e8e8225, org.springframework.boot.test.json.DuplicateJsonObjectContextCustomizerFactory$DuplicateJsonObjectContextCustomizer@6492fab5, org.springframework.boot.test.mock.mockito.MockitoContextCustomizer@0, org.springframework.boot.test.web.client.TestRestTemplateContextCustomizer@2072acb2, org.springframework.boot.test.context.SpringBootTestArgs@1, org.springframework.boot.test.context.SpringBootTestWebEnvironment@1530c739], resourceBasePath = 'src/main/webapp', contextLoader = 'org.springframework.boot.test.context.SpringBootContextLoader', parent = [null]], attributes = map['org.springframework.test.context.web.ServletTestExecutionListener.activateListener' -> true]], class annotated with @DirtiesContext [false] with mode [null].

  .   ____          _            __ _ _
 /\\ / ___'_ __ _ _(_)_ __  __ _ \ \ \ \
( ( )\___ | '_ | '_| | '_ \/ _` | \ \ \ \
 \\/  ___)| |_)| | | | | || (_| |  ) ) ) )
  '  |____| .__|_| |_|_| |_\__, | / / / /
 =========|_|==============|___/=/_/_/_/
 :: Spring Boot ::               (v2.7.12)

2023-12-24 22:00:10.307  INFO 19536 --- [    Test worker] com.kosta.farm.FarmtestApplicationTests  : Starting FarmtestApplicationTests using Java 19.0.1 on Born20221223 with PID 19536 (started by chan7 in D:\UnprettyFarm\back-end\back-end\farmtest)
2023-12-24 22:00:10.325  INFO 19536 --- [    Test worker] com.kosta.farm.FarmtestApplicationTests  : No active profile set, falling back to 1 default profile: "default"
2023-12-24 22:00:12.559  INFO 19536 --- [    Test worker] .s.d.r.c.RepositoryConfigurationDelegate : Multiple Spring Data modules found, entering strict repository configuration mode
2023-12-24 22:00:12.563  INFO 19536 --- [    Test worker] .s.d.r.c.RepositoryConfigurationDelegate : Bootstrapping Spring Data JDBC repositories in DEFAULT mode.
2023-12-24 22:00:12.788  INFO 19536 --- [    Test worker] .RepositoryConfigurationExtensionSupport : Spring Data JDBC - Could not safely identify store assignment for repository candidate interface com.kosta.farm.repository.CategoryRepository; If you want this repository to be a JDBC repository, consider annotating your entities with one of these annotations: org.springframework.data.relational.core.mapping.Table.
2023-12-24 22:00:12.796  INFO 19536 --- [    Test worker] .RepositoryConfigurationExtensionSupport : Spring Data JDBC - Could not safely identify store assignment for repository candidate interface com.kosta.farm.repository.FarmerRepository; If you want this repository to be a JDBC repository, consider annotating your entities with one of these annotations: org.springframework.data.relational.core.mapping.Table.
2023-12-24 22:00:12.802  INFO 19536 --- [    Test worker] .RepositoryConfigurationExtensionSupport : Spring Data JDBC - Could not safely identify store assignment for repository candidate interface com.kosta.farm.repository.FarmerfollowRepository; If you want this repository to be a JDBC repository, consider annotating your entities with one of these annotations: org.springframework.data.relational.core.mapping.Table.
2023-12-24 22:00:12.812  INFO 19536 --- [    Test worker] .RepositoryConfigurationExtensionSupport : Spring Data JDBC - Could not safely identify store assignment for repository candidate interface com.kosta.farm.repository.FileVoRepository; If you want this repository to be a JDBC repository, consider annotating your entities with one of these annotations: org.springframework.data.relational.core.mapping.Table.
2023-12-24 22:00:12.818  INFO 19536 --- [    Test worker] .RepositoryConfigurationExtensionSupport : Spring Data JDBC - Could not safely identify store assignment for repository candidate interface com.kosta.farm.repository.InvoiceRepository; If you want this repository to be a JDBC repository, consider annotating your entities with one of these annotations: org.springframework.data.relational.core.mapping.Table.
2023-12-24 22:00:12.828  INFO 19536 --- [    Test worker] .RepositoryConfigurationExtensionSupport : Spring Data JDBC - Could not safely identify store assignment for repository candidate interface com.kosta.farm.repository.PayInfoRepository; If you want this repository to be a JDBC repository, consider annotating your entities with one of these annotations: org.springframework.data.relational.core.mapping.Table.
2023-12-24 22:00:12.832  INFO 19536 --- [    Test worker] .RepositoryConfigurationExtensionSupport : Spring Data JDBC - Could not safely identify store assignment for repository candidate interface com.kosta.farm.repository.ProductFileRepository; If you want this repository to be a JDBC repository, consider annotating your entities with one of these annotations: org.springframework.data.relational.core.mapping.Table.
2023-12-24 22:00:12.838  INFO 19536 --- [    Test worker] .RepositoryConfigurationExtensionSupport : Spring Data JDBC - Could not safely identify store assignment for repository candidate interface com.kosta.farm.repository.ProductRepository; If you want this repository to be a JDBC repository, consider annotating your entities with one of these annotations: org.springframework.data.relational.core.mapping.Table.
2023-12-24 22:00:12.844  INFO 19536 --- [    Test worker] .RepositoryConfigurationExtensionSupport : Spring Data JDBC - Could not safely identify store assignment for repository candidate interface com.kosta.farm.repository.QuotationRepository; If you want this repository to be a JDBC repository, consider annotating your entities with one of these annotations: org.springframework.data.relational.core.mapping.Table.
2023-12-24 22:00:12.851  INFO 19536 --- [    Test worker] .RepositoryConfigurationExtensionSupport : Spring Data JDBC - Could not safely identify store assignment for repository candidate interface com.kosta.farm.repository.RequestRepository; If you want this repository to be a JDBC repository, consider annotating your entities with one of these annotations: org.springframework.data.relational.core.mapping.Table.
2023-12-24 22:00:12.858  INFO 19536 --- [    Test worker] .RepositoryConfigurationExtensionSupport : Spring Data JDBC - Could not safely identify store assignment for repository candidate interface com.kosta.farm.repository.ReviewRepository; If you want this repository to be a JDBC repository, consider annotating your entities with one of these annotations: org.springframework.data.relational.core.mapping.Table.
2023-12-24 22:00:12.864  INFO 19536 --- [    Test worker] .RepositoryConfigurationExtensionSupport : Spring Data JDBC - Could not safely identify store assignment for repository candidate interface com.kosta.farm.repository.UserRepository; If you want this repository to be a JDBC repository, consider annotating your entities with one of these annotations: org.springframework.data.relational.core.mapping.Table.
2023-12-24 22:00:12.866  INFO 19536 --- [    Test worker] .s.d.r.c.RepositoryConfigurationDelegate : Finished Spring Data repository scanning in 283 ms. Found 0 JDBC repository interfaces.
2023-12-24 22:00:12.895  INFO 19536 --- [    Test worker] .s.d.r.c.RepositoryConfigurationDelegate : Multiple Spring Data modules found, entering strict repository configuration mode
2023-12-24 22:00:12.899  INFO 19536 --- [    Test worker] .s.d.r.c.RepositoryConfigurationDelegate : Bootstrapping Spring Data JPA repositories in DEFAULT mode.
2023-12-24 22:00:13.080  INFO 19536 --- [    Test worker] .s.d.r.c.RepositoryConfigurationDelegate : Finished Spring Data repository scanning in 171 ms. Found 12 JPA repository interfaces.
2023-12-24 22:00:16.009  INFO 19536 --- [    Test worker] o.hibernate.jpa.internal.util.LogHelper  : HHH000204: Processing PersistenceUnitInfo [name: default]
2023-12-24 22:00:16.153  INFO 19536 --- [    Test worker] org.hibernate.Version                    : HHH000412: Hibernate ORM core version 5.6.15.Final
2023-12-24 22:00:16.747  INFO 19536 --- [    Test worker] o.hibernate.annotations.common.Version   : HCANN000001: Hibernate Commons Annotations {5.1.2.Final}
2023-12-24 22:00:17.073  INFO 19536 --- [    Test worker] com.zaxxer.hikari.HikariDataSource       : HikariPool-1 - Starting...
2023-12-24 22:00:17.209  INFO 19536 --- [    Test worker] com.zaxxer.hikari.HikariDataSource       : HikariPool-1 - Start completed.
2023-12-24 22:00:17.267  INFO 19536 --- [    Test worker] org.hibernate.dialect.Dialect            : HHH000400: Using dialect: org.hibernate.dialect.MariaDB106Dialect
2023-12-24 22:00:19.054  INFO 19536 --- [    Test worker] org.hibernate.tuple.PojoInstantiator     : HHH000182: No default (no-argument) constructor for class: com.kosta.farm.entity.FileVo (class must be instantiated by Interceptor)
2023-12-24 22:00:19.355  INFO 19536 --- [    Test worker] o.h.e.t.j.p.i.JtaPlatformInitiator       : HHH000490: Using JtaPlatform implementation: [org.hibernate.engine.transaction.jta.platform.internal.NoJtaPlatform]
2023-12-24 22:00:19.373  INFO 19536 --- [    Test worker] j.LocalContainerEntityManagerFactoryBean : Initialized JPA EntityManagerFactory for persistence unit 'default'
2023-12-24 22:00:23.982  INFO 19536 --- [    Test worker] o.s.s.web.DefaultSecurityFilterChain     : Will secure any request with [org.springframework.security.web.session.DisableEncodeUrlFilter@7d7888a5, org.springframework.security.web.context.request.async.WebAsyncManagerIntegrationFilter@6dcdc378, org.springframework.security.web.context.SecurityContextPersistenceFilter@2e9f5499, org.springframework.security.web.header.HeaderWriterFilter@7a25f8ee, org.springframework.web.filter.CorsFilter@15bcecf9, org.springframework.security.web.authentication.logout.LogoutFilter@2ef812b, org.springframework.security.oauth2.client.web.OAuth2AuthorizationRequestRedirectFilter@2cf97875, org.springframework.security.oauth2.client.web.OAuth2LoginAuthenticationFilter@1c3400df, com.kosta.farm.config.jwt.JwtTokenFilter@4accc3de, org.springframework.security.web.authentication.ui.DefaultLoginPageGeneratingFilter@19877453, org.springframework.security.web.authentication.ui.DefaultLogoutPageGeneratingFilter@1a23136f, org.springframework.security.web.savedrequest.RequestCacheAwareFilter@43e9a8a2, org.springframework.security.web.servletapi.SecurityContextHolderAwareRequestFilter@178617da, org.springframework.security.web.authentication.AnonymousAuthenticationFilter@23a78d2e, org.springframework.security.web.session.SessionManagementFilter@27a23d87, org.springframework.security.web.access.ExceptionTranslationFilter@8b71052, org.springframework.security.web.access.intercept.FilterSecurityInterceptor@39f3285d]
2023-12-24 22:00:24.634  WARN 19536 --- [    Test worker] JpaBaseConfiguration$JpaWebConfiguration : spring.jpa.open-in-view is enabled by default. Therefore, database queries may be performed during view rendering. Explicitly configure spring.jpa.open-in-view to disable this warning
2023-12-24 22:00:26.831  INFO 19536 --- [    Test worker] com.kosta.farm.FarmtestApplicationTests  : Started FarmtestApplicationTests in 17.794 seconds (JVM running for 20.519)
]]></system-out>
  <system-err><![CDATA[]]></system-err>
</testsuite>
